#
# There is insufficient memory for the Java Runtime Environment to continue.
# Native memory allocation (malloc) failed to allocate 265296 bytes for Chunk::new
# Possible reasons:
#   The system is out of physical RAM or swap space
#   The process is running with CompressedOops enabled, and the Java Heap may be blocking the growth of the native heap
# Possible solutions:
#   Reduce memory load on the system
#   Increase physical memory or swap space
#   Check if swap backing store is full
#   Decrease Java heap size (-Xmx/-Xms)
#   Decrease number of Java threads
#   Decrease Java thread stack sizes (-Xss)
#   Set larger code cache with -XX:ReservedCodeCacheSize=
#   JVM is running with Unscaled Compressed Oops mode in which the Java heap is
#     placed in the first 4GB address space. The Java Heap base address is the
#     maximum limit for the native heap growth. Please use -XX:HeapBaseMinAddress
#     to set the Java Heap base and to place the Java Heap above 4GB virtual address.
# This output file may be truncated or incomplete.
#
#  Out of Memory Error (./src/hotspot/share/memory/arena.cpp:195), pid=17384, tid=15128
#
# JRE version: OpenJDK Runtime Environment AdoptOpenJDK (14.0.2+12) (build 14.0.2+12)
# Java VM: OpenJDK 64-Bit Server VM AdoptOpenJDK (14.0.2+12, mixed mode, sharing, tiered, compressed oops, g1 gc, windows-amd64)
# No core dump will be written. Minidumps are not enabled by default on client versions of Windows
#

---------------  S U M M A R Y ------------

Command Line: -javaagent:C:\Users\4039764\AppData\Local\JetBrains\IntelliJ IDEA Educational Edition 2021.1.1\lib\idea_rt.jar=57763:C:\Users\4039764\AppData\Local\JetBrains\IntelliJ IDEA Educational Edition 2021.1.1\bin -Dfile.encoding=UTF-8 br.com.alura.forum.ForumApplication

Host: Intel(R) Core(TM) i5-3230M CPU @ 2.60GHz, 4 cores, 7G,  Windows 10 , 64 bit Build 19041 (10.0.19041.1023)
Time: Thu Jun 24 21:15:54 2021 Hora oficial do Brasil elapsed time: 452 seconds (0d 0h 7m 32s)

---------------  T H R E A D  ---------------

Current thread (0x0000021bfdda6800):  JavaThread "C2 CompilerThread0" daemon [_thread_in_native, id=15128, stack(0x000000d4aaf00000,0x000000d4ab000000)]


Current CompileTask:
C2: 452975 6246       4       org.springframework.boot.devtools.filewatch.FolderSnapshot::collectFiles (99 bytes)

Stack: [0x000000d4aaf00000,0x000000d4ab000000]
Native frames: (J=compiled Java code, j=interpreted, Vv=VM code, C=native code)
V  [jvm.dll+0x5fd67a]
V  [jvm.dll+0x79785a]
V  [jvm.dll+0x79900f]
V  [jvm.dll+0x799653]
V  [jvm.dll+0x20f108]
V  [jvm.dll+0xace47]
V  [jvm.dll+0xad53c]
V  [jvm.dll+0x31f005]
V  [jvm.dll+0x18e1ab]
V  [jvm.dll+0x1e7cba]
V  [jvm.dll+0x1e6e78]
V  [jvm.dll+0x179d0c]
V  [jvm.dll+0x1f5f55]
V  [jvm.dll+0x1f413b]
V  [jvm.dll+0x75c3ad]
V  [jvm.dll+0x7551ba]
V  [jvm.dll+0x5fc4d6]
C  [ucrtbase.dll+0x21bb2]
C  [KERNEL32.DLL+0x17034]
C  [ntdll.dll+0x52651]


---------------  P R O C E S S  ---------------

Threads class SMR info:
_java_thread_list=0x0000021b9121d7f0, length=32, elements={
0x0000021bfdd87800, 0x0000021bfdd8d000, 0x0000021bfdda2000, 0x0000021bfdda3000,
0x0000021bfdda4800, 0x0000021bfdda6800, 0x0000021bfdda8800, 0x0000021bfddaa000,
0x0000021bfdd6a800, 0x0000021b8fc54000, 0x0000021b8fea0800, 0x0000021b903f9800,
0x0000021b90486000, 0x0000021b903fa800, 0x0000021b925ac800, 0x0000021b903e6800,
0x0000021b903eb800, 0x0000021b903e5800, 0x0000021b903e8000, 0x0000021b903e9000,
0x0000021b903e9800, 0x0000021b903ea800, 0x0000021b903ec000, 0x0000021b9599b800,
0x0000021b9599d800, 0x0000021b95999000, 0x0000021b9599e000, 0x0000021b95998800,
0x0000021b959a0000, 0x0000021b9599c800, 0x0000021b9599f000, 0x0000021b9599a000
}

Java Threads: ( => current thread )
  0x0000021bfdd87800 JavaThread "Reference Handler" daemon [_thread_blocked, id=21908, stack(0x000000d4aaa00000,0x000000d4aab00000)]
  0x0000021bfdd8d000 JavaThread "Finalizer" daemon [_thread_blocked, id=8352, stack(0x000000d4aab00000,0x000000d4aac00000)]
  0x0000021bfdda2000 JavaThread "Signal Dispatcher" daemon [_thread_blocked, id=4380, stack(0x000000d4aac00000,0x000000d4aad00000)]
  0x0000021bfdda3000 JavaThread "Attach Listener" daemon [_thread_blocked, id=19696, stack(0x000000d4aad00000,0x000000d4aae00000)]
  0x0000021bfdda4800 JavaThread "Service Thread" daemon [_thread_blocked, id=13684, stack(0x000000d4aae00000,0x000000d4aaf00000)]
=>0x0000021bfdda6800 JavaThread "C2 CompilerThread0" daemon [_thread_in_native, id=15128, stack(0x000000d4aaf00000,0x000000d4ab000000)]
  0x0000021bfdda8800 JavaThread "C1 CompilerThread0" daemon [_thread_blocked, id=11892, stack(0x000000d4ab000000,0x000000d4ab100000)]
  0x0000021bfddaa000 JavaThread "Sweeper thread" daemon [_thread_blocked, id=18652, stack(0x000000d4ab100000,0x000000d4ab200000)]
  0x0000021bfdd6a800 JavaThread "Common-Cleaner" daemon [_thread_blocked, id=7704, stack(0x000000d4ab200000,0x000000d4ab300000)]
  0x0000021b8fc54000 JavaThread "Monitor Ctrl-Break" daemon [_thread_in_native, id=14580, stack(0x000000d4ab300000,0x000000d4ab400000)]
  0x0000021b8fea0800 JavaThread "Notification Thread" daemon [_thread_blocked, id=10968, stack(0x000000d4ab400000,0x000000d4ab500000)]
  0x0000021b903f9800 JavaThread "Catalina-utility-1" [_thread_blocked, id=21068, stack(0x000000d4abc00000,0x000000d4abd00000)]
  0x0000021b90486000 JavaThread "Catalina-utility-2" [_thread_blocked, id=21032, stack(0x000000d4abe00000,0x000000d4abf00000)]
  0x0000021b903fa800 JavaThread "container-0" [_thread_blocked, id=21792, stack(0x000000d4abf00000,0x000000d4ac000000)]
  0x0000021b925ac800 JavaThread "HikariPool-1 housekeeper" daemon [_thread_blocked, id=3180, stack(0x000000d4abb00000,0x000000d4abc00000)]
  0x0000021b903e6800 JavaThread "Live Reload Server" daemon [_thread_in_native, id=11292, stack(0x000000d4ac300000,0x000000d4ac400000)]
  0x0000021b903eb800 JavaThread "File Watcher" daemon [_thread_blocked, id=18024, stack(0x000000d4ac100000,0x000000d4ac200000)]
  0x0000021b903e5800 JavaThread "NioBlockingSelector.BlockPoller-1" daemon [_thread_in_native, id=4512, stack(0x000000d4ac200000,0x000000d4ac300000)]
  0x0000021b903e8000 JavaThread "http-nio-8080-exec-1" daemon [_thread_blocked, id=20404, stack(0x000000d4ac400000,0x000000d4ac500000)]
  0x0000021b903e9000 JavaThread "http-nio-8080-exec-2" daemon [_thread_blocked, id=17548, stack(0x000000d4ac500000,0x000000d4ac600000)]
  0x0000021b903e9800 JavaThread "http-nio-8080-exec-3" daemon [_thread_blocked, id=1648, stack(0x000000d4ac600000,0x000000d4ac700000)]
  0x0000021b903ea800 JavaThread "http-nio-8080-exec-4" daemon [_thread_blocked, id=19428, stack(0x000000d4ac700000,0x000000d4ac800000)]
  0x0000021b903ec000 JavaThread "http-nio-8080-exec-5" daemon [_thread_blocked, id=13736, stack(0x000000d4ac800000,0x000000d4ac900000)]
  0x0000021b9599b800 JavaThread "http-nio-8080-exec-6" daemon [_thread_blocked, id=15812, stack(0x000000d4ac900000,0x000000d4aca00000)]
  0x0000021b9599d800 JavaThread "http-nio-8080-exec-7" daemon [_thread_blocked, id=19372, stack(0x000000d4aca00000,0x000000d4acb00000)]
  0x0000021b95999000 JavaThread "http-nio-8080-exec-8" daemon [_thread_blocked, id=20768, stack(0x000000d4acb00000,0x000000d4acc00000)]
  0x0000021b9599e000 JavaThread "http-nio-8080-exec-9" daemon [_thread_blocked, id=12768, stack(0x000000d4acc00000,0x000000d4acd00000)]
  0x0000021b95998800 JavaThread "http-nio-8080-exec-10" daemon [_thread_blocked, id=21784, stack(0x000000d4acd00000,0x000000d4ace00000)]
  0x0000021b959a0000 JavaThread "http-nio-8080-ClientPoller-0" daemon [_thread_in_native, id=14556, stack(0x000000d4ace00000,0x000000d4acf00000)]
  0x0000021b9599c800 JavaThread "http-nio-8080-ClientPoller-1" daemon [_thread_in_native, id=2900, stack(0x000000d4acf00000,0x000000d4ad000000)]
  0x0000021b9599f000 JavaThread "http-nio-8080-Acceptor-0" daemon [_thread_in_native, id=4288, stack(0x000000d4ad000000,0x000000d4ad100000)]
  0x0000021b9599a000 JavaThread "DestroyJavaVM" [_thread_blocked, id=16336, stack(0x000000d4aa300000,0x000000d4aa400000)]

Other Threads:
  0x0000021bfdd84800 VMThread "VM Thread" [stack: 0x000000d4aa900000,0x000000d4aaa00000] [id=17352]
  0x0000021b8fc1e000 WatcherThread [stack: 0x000000d4ab500000,0x000000d4ab600000] [id=22216]
  0x0000021bf07c1000 GCTaskThread "GC Thread#0" [stack: 0x000000d4aa400000,0x000000d4aa500000] [id=19880]
  0x0000021b8fd0e800 GCTaskThread "GC Thread#1" [stack: 0x000000d4ab600000,0x000000d4ab700000] [id=4376]
  0x0000021b9015f800 GCTaskThread "GC Thread#2" [stack: 0x000000d4ab700000,0x000000d4ab800000] [id=20804]
  0x0000021b90eee000 GCTaskThread "GC Thread#3" [stack: 0x000000d4abd00000,0x000000d4abe00000] [id=18948]
  0x0000021bf07ce800 ConcurrentGCThread "G1 Main Marker" [stack: 0x000000d4aa500000,0x000000d4aa600000] [id=15572]
  0x0000021bfdbe6800 ConcurrentGCThread "G1 Conc#0" [stack: 0x000000d4aa600000,0x000000d4aa700000] [id=6152]
  0x0000021bfdc77000 ConcurrentGCThread "G1 Refine#0" [stack: 0x000000d4aa700000,0x000000d4aa800000] [id=18068]
  0x0000021b90220000 ConcurrentGCThread "G1 Refine#1" [stack: 0x000000d4ab800000,0x000000d4ab900000] [id=3380]
  0x0000021bfdc79000 ConcurrentGCThread "G1 Young RemSet Sampling" [stack: 0x000000d4aa800000,0x000000d4aa900000] [id=11908]

Threads with active compile tasks:
C2 CompilerThread0   453087 6246       4       org.springframework.boot.devtools.filewatch.FolderSnapshot::collectFiles (99 bytes)

VM state:not at safepoint (normal execution)

VM Mutex/Monitor currently owned by a thread: None

Heap address: 0x0000000082c00000, size: 2004 MB, Compressed Oops mode: 32-bit
Narrow klass base: 0x0000000800000000, Narrow klass shift: 3
Compressed class space size: 1073741824 Address: 0x0000000800b30000

Heap:
 garbage-first heap   total 61440K, used 42792K [0x0000000082c00000, 0x0000000100000000)
  region size 1024K, 13 young (13312K), 3 survivors (3072K)
 Metaspace       used 62692K, capacity 64113K, committed 64256K, reserved 1103872K
  class space    used 8301K, capacity 8851K, committed 8960K, reserved 1048576K
Heap Regions: E=young(eden), S=young(survivor), O=old, HS=humongous(starts), HC=humongous(continues), CS=collection set, F=free, OA=open archive, CA=closed archive, TAMS=top-at-mark-start (previous, next)
|   0|0x0000000082c00000, 0x0000000082d00000, 0x0000000082d00000|100%|HS|  |TAMS 0x0000000082d00000, 0x0000000082c00000| Complete 
|   1|0x0000000082d00000, 0x0000000082e00000, 0x0000000082e00000|100%| O|  |TAMS 0x0000000082e00000, 0x0000000082d00000| Untracked 
|   2|0x0000000082e00000, 0x0000000082f00000, 0x0000000082f00000|100%| O|  |TAMS 0x0000000082f00000, 0x0000000082e00000| Untracked 
|   3|0x0000000082f00000, 0x0000000083000000, 0x0000000083000000|100%| O|  |TAMS 0x0000000083000000, 0x0000000082f00000| Untracked 
|   4|0x0000000083000000, 0x0000000083100000, 0x0000000083100000|100%| O|  |TAMS 0x0000000083100000, 0x0000000083000000| Untracked 
|   5|0x0000000083100000, 0x00000000831ee800, 0x0000000083200000| 93%| O|  |TAMS 0x00000000831ee800, 0x0000000083100000| Complete 
|   6|0x0000000083200000, 0x0000000083300000, 0x0000000083300000|100%| O|  |TAMS 0x0000000083300000, 0x0000000083200000| Untracked 
|   7|0x0000000083300000, 0x0000000083400000, 0x0000000083400000|100%| O|  |TAMS 0x0000000083400000, 0x0000000083300000| Untracked 
|   8|0x0000000083400000, 0x0000000083500000, 0x0000000083500000|100%| O|  |TAMS 0x0000000083500000, 0x0000000083400000| Complete 
|   9|0x0000000083500000, 0x0000000083600000, 0x0000000083600000|100%| O|  |TAMS 0x0000000083600000, 0x0000000083500000| Untracked 
|  10|0x0000000083600000, 0x0000000083700000, 0x0000000083700000|100%| O|  |TAMS 0x0000000083700000, 0x0000000083600000| Complete 
|  11|0x0000000083700000, 0x0000000083800000, 0x0000000083800000|100%| O|  |TAMS 0x0000000083800000, 0x0000000083700000| Complete 
|  12|0x0000000083800000, 0x0000000083900000, 0x0000000083900000|100%| O|  |TAMS 0x0000000083900000, 0x0000000083800000| Complete 
|  13|0x0000000083900000, 0x0000000083a00000, 0x0000000083a00000|100%| O|  |TAMS 0x0000000083a00000, 0x0000000083900000| Complete 
|  14|0x0000000083a00000, 0x0000000083b00000, 0x0000000083b00000|100%| O|  |TAMS 0x0000000083b00000, 0x0000000083a00000| Untracked 
|  15|0x0000000083b00000, 0x0000000083c00000, 0x0000000083c00000|100%| O|  |TAMS 0x0000000083c00000, 0x0000000083b00000| Untracked 
|  16|0x0000000083c00000, 0x0000000083d00000, 0x0000000083d00000|100%| O|  |TAMS 0x0000000083d00000, 0x0000000083c00000| Untracked 
|  17|0x0000000083d00000, 0x0000000083e00000, 0x0000000083e00000|100%| O|  |TAMS 0x0000000083e00000, 0x0000000083d00000| Complete 
|  18|0x0000000083e00000, 0x0000000083f00000, 0x0000000083f00000|100%| O|  |TAMS 0x0000000083f00000, 0x0000000083e00000| Untracked 
|  19|0x0000000083f00000, 0x0000000084000000, 0x0000000084000000|100%| O|  |TAMS 0x0000000084000000, 0x0000000083f00000| Untracked 
|  20|0x0000000084000000, 0x0000000084100000, 0x0000000084100000|100%| O|  |TAMS 0x0000000084100000, 0x0000000084000000| Complete 
|  21|0x0000000084100000, 0x0000000084200000, 0x0000000084200000|100%| O|  |TAMS 0x0000000084200000, 0x0000000084100000| Complete 
|  22|0x0000000084200000, 0x0000000084300000, 0x0000000084300000|100%| O|  |TAMS 0x0000000084300000, 0x0000000084200000| Untracked 
|  23|0x0000000084300000, 0x0000000084400000, 0x0000000084400000|100%| O|  |TAMS 0x0000000084400000, 0x0000000084300000| Untracked 
|  24|0x0000000084400000, 0x0000000084500000, 0x0000000084500000|100%| O|  |TAMS 0x0000000084500000, 0x0000000084400000| Untracked 
|  25|0x0000000084500000, 0x0000000084600000, 0x0000000084600000|100%| O|  |TAMS 0x0000000084600000, 0x0000000084500000| Untracked 
|  26|0x0000000084600000, 0x0000000084700000, 0x0000000084700000|100%| O|  |TAMS 0x0000000084700000, 0x0000000084600000| Complete 
|  27|0x0000000084700000, 0x0000000084800000, 0x0000000084800000|100%| O|  |TAMS 0x0000000084800000, 0x0000000084700000| Complete 
|  28|0x0000000084800000, 0x0000000084900000, 0x0000000084900000|100%| O|  |TAMS 0x0000000084900000, 0x0000000084800000| Complete 
|  29|0x0000000084900000, 0x0000000084a00000, 0x0000000084a00000|100%| O|  |TAMS 0x0000000084a00000, 0x0000000084900000| Complete 
|  30|0x0000000084a00000, 0x0000000084ac9400, 0x0000000084b00000| 78%| O|  |TAMS 0x0000000084ac9400, 0x0000000084a00000| Untracked 
|  31|0x0000000084b00000, 0x0000000084b00000, 0x0000000084c00000|  0%| F|  |TAMS 0x0000000084b00000, 0x0000000084b00000| Untracked 
|  32|0x0000000084c00000, 0x0000000084c00000, 0x0000000084d00000|  0%| F|  |TAMS 0x0000000084c00000, 0x0000000084c00000| Untracked 
|  33|0x0000000084d00000, 0x0000000084d00000, 0x0000000084e00000|  0%| F|  |TAMS 0x0000000084d00000, 0x0000000084d00000| Untracked 
|  34|0x0000000084e00000, 0x0000000084e00000, 0x0000000084f00000|  0%| F|  |TAMS 0x0000000084e00000, 0x0000000084e00000| Untracked 
|  35|0x0000000084f00000, 0x0000000084f00000, 0x0000000085000000|  0%| F|  |TAMS 0x0000000084f00000, 0x0000000084f00000| Untracked 
|  36|0x0000000085000000, 0x0000000085000000, 0x0000000085100000|  0%| F|  |TAMS 0x0000000085000000, 0x0000000085000000| Untracked 
|  37|0x0000000085100000, 0x0000000085112418, 0x0000000085200000|  7%| S|CS|TAMS 0x0000000085100000, 0x0000000085100000| Complete 
|  38|0x0000000085200000, 0x0000000085300000, 0x0000000085300000|100%| S|CS|TAMS 0x0000000085200000, 0x0000000085200000| Complete 
|  39|0x0000000085300000, 0x0000000085300000, 0x0000000085400000|  0%| F|  |TAMS 0x0000000085300000, 0x0000000085300000| Untracked 
|  40|0x0000000085400000, 0x0000000085400000, 0x0000000085500000|  0%| F|  |TAMS 0x0000000085400000, 0x0000000085400000| Untracked 
|  41|0x0000000085500000, 0x0000000085600000, 0x0000000085600000|100%| S|CS|TAMS 0x0000000085500000, 0x0000000085500000| Complete 
|  42|0x0000000085600000, 0x0000000085600000, 0x0000000085700000|  0%| F|  |TAMS 0x0000000085600000, 0x0000000085600000| Untracked 
|  43|0x0000000085700000, 0x0000000085700000, 0x0000000085800000|  0%| F|  |TAMS 0x0000000085700000, 0x0000000085700000| Untracked 
|  44|0x0000000085800000, 0x0000000085800000, 0x0000000085900000|  0%| F|  |TAMS 0x0000000085800000, 0x0000000085800000| Untracked 
|  45|0x0000000085900000, 0x0000000085900000, 0x0000000085a00000|  0%| F|  |TAMS 0x0000000085900000, 0x0000000085900000| Untracked 
|  46|0x0000000085a00000, 0x0000000085a00000, 0x0000000085b00000|  0%| F|  |TAMS 0x0000000085a00000, 0x0000000085a00000| Untracked 
|  47|0x0000000085b00000, 0x0000000085b00000, 0x0000000085c00000|  0%| F|  |TAMS 0x0000000085b00000, 0x0000000085b00000| Untracked 
|  48|0x0000000085c00000, 0x0000000085c00000, 0x0000000085d00000|  0%| F|  |TAMS 0x0000000085c00000, 0x0000000085c00000| Untracked 
|  49|0x0000000085d00000, 0x0000000085d00000, 0x0000000085e00000|  0%| F|  |TAMS 0x0000000085d00000, 0x0000000085d00000| Untracked 
|  50|0x0000000085e00000, 0x0000000085e9ab08, 0x0000000085f00000| 60%| E|  |TAMS 0x0000000085e00000, 0x0000000085e00000| Complete 
|  51|0x0000000085f00000, 0x0000000086000000, 0x0000000086000000|100%| E|CS|TAMS 0x0000000085f00000, 0x0000000085f00000| Complete 
|  52|0x0000000086000000, 0x0000000086100000, 0x0000000086100000|100%| E|CS|TAMS 0x0000000086000000, 0x0000000086000000| Complete 
|  53|0x0000000086100000, 0x0000000086200000, 0x0000000086200000|100%| E|CS|TAMS 0x0000000086100000, 0x0000000086100000| Complete 
|  54|0x0000000086200000, 0x0000000086300000, 0x0000000086300000|100%| E|CS|TAMS 0x0000000086200000, 0x0000000086200000| Complete 
|  55|0x0000000086300000, 0x0000000086400000, 0x0000000086400000|100%| E|CS|TAMS 0x0000000086300000, 0x0000000086300000| Complete 
|  56|0x0000000086400000, 0x0000000086500000, 0x0000000086500000|100%| E|CS|TAMS 0x0000000086400000, 0x0000000086400000| Complete 
|  57|0x0000000086500000, 0x0000000086600000, 0x0000000086600000|100%| E|CS|TAMS 0x0000000086500000, 0x0000000086500000| Complete 
|  58|0x0000000086600000, 0x0000000086700000, 0x0000000086700000|100%| E|CS|TAMS 0x0000000086600000, 0x0000000086600000| Complete 
| 125|0x000000008a900000, 0x000000008aa00000, 0x000000008aa00000|100%| E|CS|TAMS 0x000000008a900000, 0x000000008a900000| Complete 

Card table byte_map: [0x0000021bf9560000,0x0000021bf9950000] _byte_map_base: 0x0000021bf914a000

Marking Bits (Prev, Next): (CMBitMap*) 0x0000021bf07c1eb8, (CMBitMap*) 0x0000021bf07c1ef8
 Prev Bits: [0x0000021bf9d40000, 0x0000021bfbc90000)
 Next Bits: [0x0000021bfbc90000, 0x0000021bfdbe0000)

Polling page: 0x0000021bee290000

Metaspace:

Usage:
  Non-class:     53.97 MB capacity,    53.12 MB ( 98%) used,   693.61 KB (  1%) free+waste,   177.69 KB ( <1%) overhead. 
      Class:      8.64 MB capacity,     8.11 MB ( 94%) used,   466.65 KB (  5%) free+waste,    82.63 KB ( <1%) overhead. 
       Both:     62.61 MB capacity,    61.22 MB ( 98%) used,     1.13 MB (  2%) free+waste,   260.31 KB ( <1%) overhead. 

Virtual space:
  Non-class space:       54.00 MB reserved,      54.00 MB (100%) committed 
      Class space:        1.00 GB reserved,       8.75 MB ( <1%) committed 
             Both:        1.05 GB reserved,      62.75 MB (  6%) committed 

Chunk freelists:
   Non-Class:  34.00 KB
       Class:  13.00 KB
        Both:  47.00 KB

MaxMetaspaceSize: 17179869184.00 GB
CompressedClassSpaceSize: 1.00 GB

CodeHeap 'non-profiled nmethods': size=120000Kb used=4022Kb max_used=4022Kb free=115977Kb
 bounds [0x0000021b87ad0000, 0x0000021b87ec0000, 0x0000021b8f000000]
CodeHeap 'profiled nmethods': size=120000Kb used=13234Kb max_used=13234Kb free=106765Kb
 bounds [0x0000021b805a0000, 0x0000021b81290000, 0x0000021b87ad0000]
CodeHeap 'non-nmethods': size=5760Kb used=1322Kb max_used=1415Kb free=4437Kb
 bounds [0x0000021b80000000, 0x0000021b80270000, 0x0000021b805a0000]
 total_blobs=6150 nmethods=5533 adapters=529
 compilation: enabled
              stopped_count=0, restarted_count=0
 full_count=0

Compilation events (20 events):
Event: 421.665 Thread 0x0000021bfdda8800 nmethod 6236 0x0000021b81282c10 code [0x0000021b81282e80, 0x0000021b81283ab8]
Event: 432.859 Thread 0x0000021bfdda8800 6237   !   3       org.apache.catalina.core.ContainerBase::getRealmInternal (38 bytes)
Event: 432.860 Thread 0x0000021bfdda8800 nmethod 6237 0x0000021b81283f10 code [0x0000021b81284140, 0x0000021b81284a38]
Event: 432.860 Thread 0x0000021bfdda8800 6238   !   3       org.apache.catalina.core.ContainerBase::getClusterInternal (38 bytes)
Event: 432.861 Thread 0x0000021bfdda8800 nmethod 6238 0x0000021b81284d90 code [0x0000021b81284fc0, 0x0000021b812858b8]
Event: 442.865 Thread 0x0000021bfdda8800 6239   !   3       org.apache.catalina.core.ContainerBase$ContainerBackgroundProcessor::processChildren (191 bytes)
Event: 442.867 Thread 0x0000021bfdda8800 nmethod 6239 0x0000021b81285c10 code [0x0000021b81285fc0, 0x0000021b81288648]
Event: 442.867 Thread 0x0000021bfdda8800 6240   !   3       org.apache.catalina.core.ContainerBase::backgroundProcess (168 bytes)
Event: 442.869 Thread 0x0000021bfdda8800 nmethod 6240 0x0000021b81289090 code [0x0000021b812893e0, 0x0000021b8128ad58]
Event: 442.869 Thread 0x0000021bfdda8800 6241       3       org.apache.catalina.mapper.MapperListener::lifecycleEvent (178 bytes)
Event: 442.870 Thread 0x0000021bfdda8800 nmethod 6241 0x0000021b8128b510 code [0x0000021b8128b800, 0x0000021b8128d138]
Event: 442.870 Thread 0x0000021bfdda8800 6242       1       org.apache.catalina.core.StandardWrapper::getServlet (5 bytes)
Event: 442.870 Thread 0x0000021bfdda8800 nmethod 6242 0x0000021b87ebc190 code [0x0000021b87ebc320, 0x0000021b87ebc3f8]
Event: 442.911 Thread 0x0000021bfdda6800 6243       4       java.util.LinkedHashMap$LinkedKeySet::iterator (12 bytes)
Event: 442.914 Thread 0x0000021bfdda6800 nmethod 6243 0x0000021b87ebc490 code [0x0000021b87ebc620, 0x0000021b87ebc818]
Event: 443.951 Thread 0x0000021bfdda6800 6244       4       java.util.HashSet::size (8 bytes)
Event: 443.952 Thread 0x0000021bfdda6800 nmethod 6244 0x0000021b87ebc910 code [0x0000021b87ebcaa0, 0x0000021b87ebcb38]
Event: 448.762 Thread 0x0000021bfdda6800 6245       4       java.io.File::listFiles (52 bytes)
Event: 448.785 Thread 0x0000021bfdda6800 nmethod 6245 0x0000021b87ebcc10 code [0x0000021b87ebce40, 0x0000021b87ebd738]
Event: 452.913 Thread 0x0000021bfdda6800 6246       4       org.springframework.boot.devtools.filewatch.FolderSnapshot::collectFiles (99 bytes)

GC Heap History (20 events):
Event: 15.409 GC heap before
{Heap before GC invocations=25 (full 0):
 garbage-first heap   total 48128K, used 39385K [0x0000000082c00000, 0x0000000100000000)
  region size 1024K, 16 young (16384K), 2 survivors (2048K)
 Metaspace       used 46948K, capacity 47991K, committed 48000K, reserved 1091584K
  class space    used 6107K, capacity 6519K, committed 6528K, reserved 1048576K
}
Event: 15.414 GC heap after
{Heap after GC invocations=26 (full 0):
 garbage-first heap   total 48128K, used 25557K [0x0000000082c00000, 0x0000000100000000)
  region size 1024K, 2 young (2048K), 2 survivors (2048K)
 Metaspace       used 46948K, capacity 47991K, committed 48000K, reserved 1091584K
  class space    used 6107K, capacity 6519K, committed 6528K, reserved 1048576K
}
Event: 16.247 GC heap before
{Heap before GC invocations=27 (full 0):
 garbage-first heap   total 48128K, used 39893K [0x0000000082c00000, 0x0000000100000000)
  region size 1024K, 16 young (16384K), 2 survivors (2048K)
 Metaspace       used 49121K, capacity 50186K, committed 50432K, reserved 1093632K
  class space    used 6481K, capacity 6887K, committed 6912K, reserved 1048576K
}
Event: 16.252 GC heap after
{Heap after GC invocations=28 (full 0):
 garbage-first heap   total 48128K, used 25916K [0x0000000082c00000, 0x0000000100000000)
  region size 1024K, 1 young (1024K), 1 survivors (1024K)
 Metaspace       used 49121K, capacity 50186K, committed 50432K, reserved 1093632K
  class space    used 6481K, capacity 6887K, committed 6912K, reserved 1048576K
}
Event: 16.821 GC heap before
{Heap before GC invocations=28 (full 0):
 garbage-first heap   total 48128K, used 40252K [0x0000000082c00000, 0x0000000100000000)
  region size 1024K, 15 young (15360K), 1 survivors (1024K)
 Metaspace       used 50962K, capacity 52130K, committed 52352K, reserved 1093632K
  class space    used 6756K, capacity 7188K, committed 7296K, reserved 1048576K
}
Event: 16.825 GC heap after
{Heap after GC invocations=29 (full 0):
 garbage-first heap   total 48128K, used 26458K [0x0000000082c00000, 0x0000000100000000)
  region size 1024K, 2 young (2048K), 2 survivors (2048K)
 Metaspace       used 50962K, capacity 52130K, committed 52352K, reserved 1093632K
  class space    used 6756K, capacity 7188K, committed 7296K, reserved 1048576K
}
Event: 17.257 GC heap before
{Heap before GC invocations=30 (full 0):
 garbage-first heap   total 51200K, used 39770K [0x0000000082c00000, 0x0000000100000000)
  region size 1024K, 15 young (15360K), 2 survivors (2048K)
 Metaspace       used 52666K, capacity 53774K, committed 54016K, reserved 1095680K
  class space    used 6992K, capacity 7416K, committed 7424K, reserved 1048576K
}
Event: 17.261 GC heap after
{Heap after GC invocations=31 (full 0):
 garbage-first heap   total 51200K, used 26934K [0x0000000082c00000, 0x0000000100000000)
  region size 1024K, 2 young (2048K), 2 survivors (2048K)
 Metaspace       used 52666K, capacity 53774K, committed 54016K, reserved 1095680K
  class space    used 6992K, capacity 7416K, committed 7424K, reserved 1048576K
}
Event: 17.915 GC heap before
{Heap before GC invocations=31 (full 0):
 garbage-first heap   total 51200K, used 43318K [0x0000000082c00000, 0x0000000100000000)
  region size 1024K, 18 young (18432K), 2 survivors (2048K)
 Metaspace       used 53544K, capacity 54761K, committed 54912K, reserved 1097728K
  class space    used 7094K, capacity 7529K, committed 7552K, reserved 1048576K
}
Event: 17.922 GC heap after
{Heap after GC invocations=32 (full 0):
 garbage-first heap   total 51200K, used 27946K [0x0000000082c00000, 0x0000000100000000)
  region size 1024K, 3 young (3072K), 3 survivors (3072K)
 Metaspace       used 53544K, capacity 54761K, committed 54912K, reserved 1097728K
  class space    used 7094K, capacity 7529K, committed 7552K, reserved 1048576K
}
Event: 18.778 GC heap before
{Heap before GC invocations=33 (full 0):
 garbage-first heap   total 51200K, used 42282K [0x0000000082c00000, 0x0000000100000000)
  region size 1024K, 17 young (17408K), 3 survivors (3072K)
 Metaspace       used 55695K, capacity 56960K, committed 57088K, reserved 1097728K
  class space    used 7391K, capacity 7859K, committed 7936K, reserved 1048576K
}
Event: 18.786 GC heap after
{Heap after GC invocations=34 (full 0):
 garbage-first heap   total 61440K, used 28882K [0x0000000082c00000, 0x0000000100000000)
  region size 1024K, 2 young (2048K), 2 survivors (2048K)
 Metaspace       used 55695K, capacity 56960K, committed 57088K, reserved 1097728K
  class space    used 7391K, capacity 7859K, committed 7936K, reserved 1048576K
}
Event: 19.918 GC heap before
{Heap before GC invocations=34 (full 0):
 garbage-first heap   total 61440K, used 51410K [0x0000000082c00000, 0x0000000100000000)
  region size 1024K, 24 young (24576K), 2 survivors (2048K)
 Metaspace       used 58274K, capacity 59626K, committed 59776K, reserved 1101824K
  class space    used 7752K, capacity 8237K, committed 8320K, reserved 1048576K
}
Event: 19.924 GC heap after
{Heap after GC invocations=35 (full 0):
 garbage-first heap   total 61440K, used 29913K [0x0000000082c00000, 0x0000000100000000)
  region size 1024K, 2 young (2048K), 2 survivors (2048K)
 Metaspace       used 58274K, capacity 59626K, committed 59776K, reserved 1101824K
  class space    used 7752K, capacity 8237K, committed 8320K, reserved 1048576K
}
Event: 20.872 GC heap before
{Heap before GC invocations=35 (full 0):
 garbage-first heap   total 61440K, used 51417K [0x0000000082c00000, 0x0000000100000000)
  region size 1024K, 23 young (23552K), 2 survivors (2048K)
 Metaspace       used 59509K, capacity 60911K, committed 61056K, reserved 1101824K
  class space    used 7930K, capacity 8470K, committed 8576K, reserved 1048576K
}
Event: 20.879 GC heap after
{Heap after GC invocations=36 (full 0):
 garbage-first heap   total 61440K, used 31562K [0x0000000082c00000, 0x0000000100000000)
  region size 1024K, 3 young (3072K), 3 survivors (3072K)
 Metaspace       used 59509K, capacity 60911K, committed 61056K, reserved 1101824K
  class space    used 7930K, capacity 8470K, committed 8576K, reserved 1048576K
}
Event: 21.852 GC heap before
{Heap before GC invocations=37 (full 0):
 garbage-first heap   total 61440K, used 51018K [0x0000000082c00000, 0x0000000100000000)
  region size 1024K, 22 young (22528K), 3 survivors (3072K)
 Metaspace       used 60633K, capacity 62107K, committed 62208K, reserved 1103872K
  class space    used 8075K, capacity 8629K, committed 8704K, reserved 1048576K
}
Event: 21.859 GC heap after
{Heap after GC invocations=38 (full 0):
 garbage-first heap   total 61440K, used 32821K [0x0000000082c00000, 0x0000000100000000)
  region size 1024K, 2 young (2048K), 2 survivors (2048K)
 Metaspace       used 60633K, capacity 62107K, committed 62208K, reserved 1103872K
  class space    used 8075K, capacity 8629K, committed 8704K, reserved 1048576K
}
Event: 148.766 GC heap before
{Heap before GC invocations=38 (full 0):
 garbage-first heap   total 61440K, used 51253K [0x0000000082c00000, 0x0000000100000000)
  region size 1024K, 20 young (20480K), 2 survivors (2048K)
 Metaspace       used 62606K, capacity 64055K, committed 64256K, reserved 1103872K
  class space    used 8302K, capacity 8852K, committed 8960K, reserved 1048576K
}
Event: 148.771 GC heap after
{Heap after GC invocations=39 (full 0):
 garbage-first heap   total 61440K, used 33576K [0x0000000082c00000, 0x0000000100000000)
  region size 1024K, 3 young (3072K), 3 survivors (3072K)
 Metaspace       used 62606K, capacity 64055K, committed 64256K, reserved 1103872K
  class space    used 8302K, capacity 8852K, committed 8960K, reserved 1048576K
}

Deoptimization events (20 events):
Event: 22.333 Thread 0x0000021b90554000 DEOPT PACKING pc=0x0000021b87ddd6d0 sp=0x000000d4abafde30
Event: 22.333 Thread 0x0000021b90554000 DEOPT UNPACKING pc=0x0000021b8004912f sp=0x000000d4abafde20 mode 2
Event: 45.453 Thread 0x0000021b903e8000 DEOPT PACKING pc=0x0000021b811fbde7 sp=0x000000d4ac4fd590
Event: 45.453 Thread 0x0000021b903e8000 DEOPT UNPACKING pc=0x0000021b8004964e sp=0x000000d4ac4fcb30 mode 0
Event: 45.506 Thread 0x0000021b903e8000 DEOPT PACKING pc=0x0000021b80f97ea1 sp=0x000000d4ac4fd410
Event: 45.506 Thread 0x0000021b903e8000 DEOPT UNPACKING pc=0x0000021b8004964e sp=0x000000d4ac4fc900 mode 0
Event: 45.603 Thread 0x0000021b903e8000 Uncommon trap: trap_request=0xffffff45 fr.pc=0x0000021b87ea67e4 relative=0x00000000000008e4
Event: 45.603 Thread 0x0000021b903e8000 Uncommon trap: reason=unstable_if action=reinterpret pc=0x0000021b87ea67e4 method=java.util.Properties$LineReader.readLine()I @ 318 c2
Event: 45.603 Thread 0x0000021b903e8000 DEOPT PACKING pc=0x0000021b87ea67e4 sp=0x000000d4ac4fc1a0
Event: 45.603 Thread 0x0000021b903e8000 DEOPT UNPACKING pc=0x0000021b8004912f sp=0x000000d4ac4fc140 mode 2
Event: 45.619 Thread 0x0000021b903e8000 DEOPT PACKING pc=0x0000021b80f0d2c9 sp=0x000000d4ac4fb240
Event: 45.619 Thread 0x0000021b903e8000 DEOPT UNPACKING pc=0x0000021b8004964e sp=0x000000d4ac4fa6b8 mode 0
Event: 45.619 Thread 0x0000021b903e8000 DEOPT PACKING pc=0x0000021b80f0d2c9 sp=0x000000d4ac4fb240
Event: 45.619 Thread 0x0000021b903e8000 DEOPT UNPACKING pc=0x0000021b8004964e sp=0x000000d4ac4fa6b8 mode 0
Event: 45.619 Thread 0x0000021b903e8000 DEOPT PACKING pc=0x0000021b80f0d2c9 sp=0x000000d4ac4fb240
Event: 45.619 Thread 0x0000021b903e8000 DEOPT UNPACKING pc=0x0000021b8004964e sp=0x000000d4ac4fa6b8 mode 0
Event: 46.497 Thread 0x0000021b903e9800 Uncommon trap: trap_request=0xffffffde fr.pc=0x0000021b87c415bc relative=0x000000000000047c
Event: 46.497 Thread 0x0000021b903e9800 Uncommon trap: reason=class_check action=maybe_recompile pc=0x0000021b87c415bc method=java.util.regex.Pattern$Slice.match(Ljava/util/regex/Matcher;ILjava/lang/CharSequence;)Z @ 75 c2
Event: 46.497 Thread 0x0000021b903e9800 DEOPT PACKING pc=0x0000021b87c415bc sp=0x000000d4ac6fc040
Event: 46.497 Thread 0x0000021b903e9800 DEOPT UNPACKING pc=0x0000021b8004912f sp=0x000000d4ac6fbf58 mode 2

Classes unloaded (1 events):
Event: 148.835 Thread 0x0000021bfdd84800 Unloading class 0x0000000801309840 'jdk/internal/reflect/GeneratedSerializationConstructorAccessor1'

Classes redefined (0 events):
No events

Internal exceptions (20 events):
Event: 18.848 Thread 0x0000021b90554000 Exception <a 'java/lang/reflect/InvocationTargetException'{0x000000008a9e5bc8}> (0x000000008a9e5bc8) 
thrown [./src/hotspot/share/runtime/reflection.cpp, line 1188]
Event: 18.911 Thread 0x0000021b90554000 Exception <a 'java/lang/NoSuchMethodError'{0x0000000086664870}: 'int java.lang.invoke.DirectMethodHandle$Holder.invokeStatic(java.lang.Object, java.lang.Object, int)'> (0x0000000086664870) 
thrown [./src/hotspot/share/interpreter/linkResolver.cpp, line 766]
Event: 18.931 Thread 0x0000021b90554000 Exception <a 'java/lang/NoSuchMethodError'{0x0000000086688ee0}: 'java.lang.Object java.lang.invoke.Invokers$Holder.linkToTargetMethod(java.lang.Object, int, java.lang.Object)'> (0x0000000086688ee0) 
thrown [./src/hotspot/share/interpreter/linkResolver.cpp, line 766]
Event: 19.291 Thread 0x0000021b90554000 Exception <a 'java/lang/reflect/InvocationTargetException'{0x0000000086243358}> (0x0000000086243358) 
thrown [./src/hotspot/share/runtime/reflection.cpp, line 1188]
Event: 19.357 Thread 0x0000021b90554000 Exception <a 'java/lang/NoSuchMethodError'{0x0000000086197b28}: 'void java.lang.invoke.DirectMethodHandle$Holder.invokeStaticInit(java.lang.Object, java.lang.Object, java.lang.Object, java.lang.Object)'> (0x0000000086197b28) 
thrown [./src/hotspot/share/interpreter/linkResolver.cpp, line 766]
Event: 19.576 Thread 0x0000021b90554000 Exception <a 'java/lang/ClassNotFoundException'{0x0000000085c00800}: java/lang/ObjectCustomizer> (0x0000000085c00800) 
thrown [./src/hotspot/share/classfile/systemDictionary.cpp, line 226]
Event: 19.578 Thread 0x0000021b90554000 Exception <a 'java/lang/ClassNotFoundException'{0x0000000085c162a0}: org/springframework/security/config/annotation/web/configuration/WebSecurityConfigurationCustomizer> (0x0000000085c162a0) 
thrown [./src/hotspot/share/classfile/systemDictionary.cpp, line 226]
Event: 19.580 Thread 0x0000021b90554000 Exception <a 'java/lang/ClassNotFoundException'{0x0000000085c347c8}: org/springframework/security/config/annotation/web/configuration/WebSecurityConfiguration$$EnhancerBySpringCGLIB$$aa5f076eCustomizer> (0x0000000085c347c8) 
thrown [./src/hotspot/share/classfile/systemDictionary.cpp, line 226]
Event: 19.582 Thread 0x0000021b90554000 Exception <a 'java/lang/ClassNotFoundException'{0x0000000085c50668}: org/springframework/context/annotation/ConfigurationClassEnhancer$EnhancedConfigurationCustomizer> (0x0000000085c50668) 
thrown [./src/hotspot/share/classfile/systemDictionary.cpp, line 226]
Event: 19.582 Thread 0x0000021b90554000 Exception <a 'java/lang/ClassNotFoundException'{0x0000000085c5e640}: org/springframework/beans/factory/BeanFactoryAwareCustomizer> (0x0000000085c5e640) 
thrown [./src/hotspot/share/classfile/systemDictionary.cpp, line 226]
Event: 19.583 Thread 0x0000021b90554000 Exception <a 'java/lang/ClassNotFoundException'{0x0000000085c6c458}: org/springframework/beans/factory/AwareCustomizer> (0x0000000085c6c458) 
thrown [./src/hotspot/share/classfile/systemDictionary.cpp, line 226]
Event: 19.584 Thread 0x0000021b90554000 Exception <a 'java/lang/ClassNotFoundException'{0x0000000085c7a5e0}: org/springframework/context/annotation/ImportAwareCustomizer> (0x0000000085c7a5e0) 
thrown [./src/hotspot/share/classfile/systemDictionary.cpp, line 226]
Event: 19.591 Thread 0x0000021b90554000 Exception <a 'java/lang/ClassNotFoundException'{0x0000000085c87c98}: org/springframework/beans/factory/AwareCustomizer> (0x0000000085c87c98) 
thrown [./src/hotspot/share/classfile/systemDictionary.cpp, line 226]
Event: 19.592 Thread 0x0000021b90554000 Exception <a 'java/lang/ClassNotFoundException'{0x0000000085c96048}: org/springframework/beans/factory/BeanClassLoaderAwareCustomizer> (0x0000000085c96048) 
thrown [./src/hotspot/share/classfile/systemDictionary.cpp, line 226]
Event: 19.593 Thread 0x0000021b90554000 Exception <a 'java/lang/ClassNotFoundException'{0x0000000085ca3710}: org/springframework/beans/factory/AwareCustomizer> (0x0000000085ca3710) 
thrown [./src/hotspot/share/classfile/systemDictionary.cpp, line 226]
Event: 20.155 Thread 0x0000021b90554000 Exception <a 'java/lang/NoSuchMethodError'{0x000000008627f890}: 'java.lang.Object java.lang.invoke.DirectMethodHandle$Holder.invokeInterface(java.lang.Object, java.lang.Object, java.lang.Object, java.lang.Object)'> (0x000000008627f890) 
thrown [./src/hotspot/share/interpreter/linkResolver.cpp, line 766]
Event: 20.770 Thread 0x0000021b90554000 Exception <a 'java/lang/NoSuchMethodError'{0x0000000085455440}: 'void java.lang.invoke.DirectMethodHandle$Holder.invokeVirtual(java.lang.Object, java.lang.Object, int)'> (0x0000000085455440) 
thrown [./src/hotspot/share/interpreter/linkResolver.cpp, line 766]
Event: 22.319 Thread 0x0000021b90554000 Exception <a 'java/lang/NoSuchMethodError'{0x00000000863b8fa8}: 'java.lang.Object java.lang.invoke.DirectMethodHandle$Holder.newInvokeSpecial(java.lang.Object, int)'> (0x00000000863b8fa8) 
thrown [./src/hotspot/share/interpreter/linkResolver.cpp, line 766]
Event: 45.592 Thread 0x0000021b903e8000 Exception <a 'java/lang/NoSuchMethodError'{0x0000000085a45a08}: 'java.lang.Object java.lang.invoke.DirectMethodHandle$Holder.invokeStatic(java.lang.Object, int, java.lang.Object, java.lang.Object)'> (0x0000000085a45a08) 
thrown [./src/hotspot/share/interpreter/linkResolver.cpp, line 766]
Event: 45.593 Thread 0x0000021b903e8000 Exception <a 'java/lang/NoSuchMethodError'{0x0000000085a4c450}: 'java.lang.Object java.lang.invoke.DirectMethodHandle$Holder.invokeSpecial(java.lang.Object, java.lang.Object, int, java.lang.Object, java.lang.Object)'> (0x0000000085a4c450) 
thrown [./src/hotspot/share/interpreter/linkResolver.cpp, line 766]

Events (20 events):
Event: 45.794 Executing VM operation: HandshakeOneThread done
Event: 45.795 Executing VM operation: HandshakeOneThread
Event: 45.795 Executing VM operation: HandshakeOneThread done
Event: 45.795 Executing VM operation: HandshakeOneThread
Event: 45.795 Executing VM operation: HandshakeOneThread done
Event: 50.230 Executing VM operation: HandshakeOneThread
Event: 50.230 Executing VM operation: HandshakeOneThread done
Event: 50.230 Executing VM operation: HandshakeOneThread
Event: 50.230 Executing VM operation: HandshakeOneThread done
Event: 50.230 Executing VM operation: HandshakeOneThread
Event: 50.231 Executing VM operation: HandshakeOneThread done
Event: 50.231 Executing VM operation: HandshakeOneThread
Event: 50.231 Executing VM operation: HandshakeOneThread done
Event: 147.328 Loaded shared library C:\Users\4039764\.jdks\adopt-openjdk-14.0.2\bin\java.dll
Event: 148.766 Executing VM operation: G1CollectForAllocation
Event: 148.771 Executing VM operation: G1CollectForAllocation done
Event: 148.835 Executing VM operation: G1Concurrent
Event: 148.843 Executing VM operation: G1Concurrent done
Event: 148.887 Executing VM operation: G1Concurrent
Event: 148.887 Executing VM operation: G1Concurrent done


Dynamic libraries:
0x00007ff6337b0000 - 0x00007ff6337bd000 	C:\Users\4039764\.jdks\adopt-openjdk-14.0.2\bin\java.exe
0x00007ffb61630000 - 0x00007ffb61825000 	C:\WINDOWS\SYSTEM32\ntdll.dll
0x00007ffb5f750000 - 0x00007ffb5f80d000 	C:\WINDOWS\System32\KERNEL32.DLL
0x00007ffb5f0e0000 - 0x00007ffb5f3a8000 	C:\WINDOWS\System32\KERNELBASE.dll
0x00007ffb5ef20000 - 0x00007ffb5f020000 	C:\WINDOWS\System32\ucrtbase.dll
0x00007ffb56ca0000 - 0x00007ffb56cb8000 	C:\Users\4039764\.jdks\adopt-openjdk-14.0.2\bin\jli.dll
0x00007ffb602b0000 - 0x00007ffb60450000 	C:\WINDOWS\System32\USER32.dll
0x00007ffb5f0b0000 - 0x00007ffb5f0d2000 	C:\WINDOWS\System32\win32u.dll
0x00007ffb60280000 - 0x00007ffb602aa000 	C:\WINDOWS\System32\GDI32.dll
0x00007ffb5f450000 - 0x00007ffb5f55b000 	C:\WINDOWS\System32\gdi32full.dll
0x00007ffb5f3b0000 - 0x00007ffb5f44d000 	C:\WINDOWS\System32\msvcp_win.dll
0x00007ffb56c60000 - 0x00007ffb56c75000 	C:\Users\4039764\.jdks\adopt-openjdk-14.0.2\bin\VCRUNTIME140.dll
0x00007ffb5cbd0000 - 0x00007ffb5ce6a000 	C:\WINDOWS\WinSxS\amd64_microsoft.windows.common-controls_6595b64144ccf1df_6.0.19041.1052_none_60b8f8fd71f5e8cb\COMCTL32.dll
0x00007ffb5fa50000 - 0x00007ffb5faee000 	C:\WINDOWS\System32\msvcrt.dll
0x00007ffb601f0000 - 0x00007ffb60220000 	C:\WINDOWS\System32\IMM32.DLL
0x00007ffb1fa10000 - 0x00007ffb20062000 	C:\Program Files\McAfee\DLP\Agent\fcagpph64.dll
0x00007ffb5f6a0000 - 0x00007ffb5f74c000 	C:\WINDOWS\System32\ADVAPI32.dll
0x00007ffb5f880000 - 0x00007ffb5f91b000 	C:\WINDOWS\System32\sechost.dll
0x00007ffb5ff10000 - 0x00007ffb6003b000 	C:\WINDOWS\System32\RPCRT4.dll
0x00007ffb60650000 - 0x00007ffb60d8f000 	C:\WINDOWS\System32\SHELL32.dll
0x00007ffb60450000 - 0x00007ffb6057a000 	C:\WINDOWS\System32\ole32.dll
0x00007ffb60d90000 - 0x00007ffb610e5000 	C:\WINDOWS\System32\combase.dll
0x00007ffb5f810000 - 0x00007ffb5f865000 	C:\WINDOWS\System32\SHLWAPI.dll
0x00007ffb5fd00000 - 0x00007ffb5fd6b000 	C:\WINDOWS\System32\WS2_32.dll
0x00007ffb60580000 - 0x00007ffb6064d000 	C:\WINDOWS\System32\OLEAUT32.dll
0x00007ffb4ab90000 - 0x00007ffb4ac1e000 	C:\WINDOWS\SYSTEM32\WINSPOOL.DRV
0x00007ffb53660000 - 0x00007ffb5366a000 	C:\WINDOWS\SYSTEM32\VERSION.dll
0x00007ffb5ec30000 - 0x00007ffb5ec61000 	C:\WINDOWS\SYSTEM32\SspiCli.dll
0x00007ffb5ca90000 - 0x00007ffb5cac3000 	C:\WINDOWS\SYSTEM32\ntmarta.dll
0x0000021bee250000 - 0x0000021bee262000 	C:\WINDOWS\System32\umppc13702.dll
0x00007ffb3cfe0000 - 0x00007ffb3d084000 	C:\Program Files\McAfee\Endpoint Security\Threat Prevention\Ips\EpMPApi.dll
0x00007ffb5f640000 - 0x00007ffb5f6a0000 	C:\WINDOWS\System32\WINTRUST.dll
0x00007ffb5ed70000 - 0x00007ffb5eecf000 	C:\WINDOWS\System32\CRYPT32.dll
0x00007ffb5e960000 - 0x00007ffb5e972000 	C:\WINDOWS\SYSTEM32\MSASN1.dll
0x000000006a240000 - 0x000000006a24c000 	C:\Program Files\McAfee\Endpoint Security\Threat Prevention\Ips\EpMPThe.dll
0x00007ffb36190000 - 0x00007ffb361e9000 	C:\Program Files\McAfee\Endpoint Security\Threat Prevention\Ips\HIPHandlers64.dll
0x00007ffb5af50000 - 0x00007ffb5b134000 	C:\WINDOWS\SYSTEM32\dbghelp.dll
0x00007ffb31000000 - 0x00007ffb3109b000 	C:\Users\4039764\.jdks\adopt-openjdk-14.0.2\bin\msvcp140.dll
0x00007ffb2e3b0000 - 0x00007ffb2ef44000 	C:\Users\4039764\.jdks\adopt-openjdk-14.0.2\bin\server\jvm.dll
0x00007ffb5f870000 - 0x00007ffb5f878000 	C:\WINDOWS\System32\PSAPI.DLL
0x00007ffb4b090000 - 0x00007ffb4b099000 	C:\WINDOWS\SYSTEM32\WSOCK32.dll
0x00007ffb4df30000 - 0x00007ffb4df57000 	C:\WINDOWS\SYSTEM32\WINMM.dll
0x00007ffb5c930000 - 0x00007ffb5c942000 	C:\WINDOWS\SYSTEM32\kernel.appcore.dll
0x00007ffb59270000 - 0x00007ffb5927a000 	C:\Users\4039764\.jdks\adopt-openjdk-14.0.2\bin\jimage.dll
0x00007ffb543a0000 - 0x00007ffb543cc000 	C:\WINDOWS\SYSTEM32\dbgcore.DLL
0x00007ffb5f020000 - 0x00007ffb5f0a3000 	C:\WINDOWS\System32\bcryptPrimitives.dll
0x00007ffb57ad0000 - 0x00007ffb57ade000 	C:\Users\4039764\.jdks\adopt-openjdk-14.0.2\bin\instrument.dll
0x00007ffb56c00000 - 0x00007ffb56c25000 	C:\Users\4039764\.jdks\adopt-openjdk-14.0.2\bin\java.dll
0x00007ffb56c40000 - 0x00007ffb56c56000 	C:\Users\4039764\.jdks\adopt-openjdk-14.0.2\bin\zip.dll
0x00007ffb5d510000 - 0x00007ffb5dca0000 	C:\WINDOWS\SYSTEM32\windows.storage.dll
0x00007ffb5e6a0000 - 0x00007ffb5e6cc000 	C:\WINDOWS\SYSTEM32\Wldp.dll
0x00007ffb60140000 - 0x00007ffb601ee000 	C:\WINDOWS\System32\SHCORE.dll
0x00007ffb5ecb0000 - 0x00007ffb5eccf000 	C:\WINDOWS\SYSTEM32\profapi.dll
0x00007ffb56a80000 - 0x00007ffb56a99000 	C:\Users\4039764\.jdks\adopt-openjdk-14.0.2\bin\net.dll
0x00007ffb54da0000 - 0x00007ffb54eab000 	C:\WINDOWS\SYSTEM32\WINHTTP.dll
0x00007ffb5e480000 - 0x00007ffb5e4ea000 	C:\WINDOWS\system32\mswsock.dll
0x00007ffb56a60000 - 0x00007ffb56a72000 	C:\Users\4039764\.jdks\adopt-openjdk-14.0.2\bin\nio.dll
0x00007ffb569f0000 - 0x00007ffb56a0a000 	C:\Users\4039764\AppData\Local\JetBrains\IntelliJ IDEA Educational Edition 2021.1.1\bin\breakgen64.dll
0x00007ffb56db0000 - 0x00007ffb56dc0000 	C:\Users\4039764\.jdks\adopt-openjdk-14.0.2\bin\verify.dll
0x00007ffb569e0000 - 0x00007ffb569e9000 	C:\Users\4039764\.jdks\adopt-openjdk-14.0.2\bin\management.dll
0x00007ffb569d0000 - 0x00007ffb569db000 	C:\Users\4039764\.jdks\adopt-openjdk-14.0.2\bin\management_ext.dll
0x00007ffb4b450000 - 0x00007ffb4b467000 	C:\WINDOWS\system32\napinsp.dll
0x00007ffb4b430000 - 0x00007ffb4b44b000 	C:\WINDOWS\system32\pnrpnsp.dll
0x00007ffb586d0000 - 0x00007ffb586e5000 	C:\WINDOWS\system32\wshbth.dll
0x00007ffb56b40000 - 0x00007ffb56b5d000 	C:\WINDOWS\system32\NLAapi.dll
0x00007ffb5e190000 - 0x00007ffb5e1cb000 	C:\WINDOWS\SYSTEM32\IPHLPAPI.DLL
0x00007ffb5e1d0000 - 0x00007ffb5e29c000 	C:\WINDOWS\SYSTEM32\DNSAPI.dll
0x00007ffb5fd70000 - 0x00007ffb5fd78000 	C:\WINDOWS\System32\NSI.dll
0x00007ffb4b560000 - 0x00007ffb4b572000 	C:\WINDOWS\System32\winrnr.dll
0x00007ffb53650000 - 0x00007ffb5365a000 	C:\Windows\System32\rasadhlp.dll
0x00007ffb583a0000 - 0x00007ffb5841f000 	C:\WINDOWS\System32\fwpuclnt.dll
0x00007ffb5f610000 - 0x00007ffb5f637000 	C:\WINDOWS\System32\bcrypt.dll
0x00007ffb5e6e0000 - 0x00007ffb5e6f8000 	C:\WINDOWS\SYSTEM32\CRYPTSP.dll
0x00007ffb5dde0000 - 0x00007ffb5de14000 	C:\WINDOWS\system32\rsaenh.dll
0x00007ffb5ec70000 - 0x00007ffb5ec9e000 	C:\WINDOWS\SYSTEM32\USERENV.dll
0x00007ffb5e600000 - 0x00007ffb5e60c000 	C:\WINDOWS\SYSTEM32\CRYPTBASE.dll
0x00007ffb57830000 - 0x00007ffb57847000 	C:\WINDOWS\SYSTEM32\dhcpcsvc6.DLL
0x00007ffb575b0000 - 0x00007ffb575cd000 	C:\WINDOWS\SYSTEM32\dhcpcsvc.DLL

dbghelp: loaded successfully - version: 4.0.5 - missing functions: none
symbol engine: initialized successfully - sym options: 0x614 - pdb path: .;C:\Users\4039764\.jdks\adopt-openjdk-14.0.2\bin;C:\WINDOWS\SYSTEM32;C:\WINDOWS\WinSxS\amd64_microsoft.windows.common-controls_6595b64144ccf1df_6.0.19041.1052_none_60b8f8fd71f5e8cb;C:\Program Files\McAfee\DLP\Agent;C:\Program Files\McAfee\Endpoint Security\Threat Prevention\Ips;C:\Users\4039764\.jdks\adopt-openjdk-14.0.2\bin\server;C:\Users\4039764\AppData\Local\JetBrains\IntelliJ IDEA Educational Edition 2021.1.1\bin

VM Arguments:
jvm_args: -javaagent:C:\Users\4039764\AppData\Local\JetBrains\IntelliJ IDEA Educational Edition 2021.1.1\lib\idea_rt.jar=57763:C:\Users\4039764\AppData\Local\JetBrains\IntelliJ IDEA Educational Edition 2021.1.1\bin -Dfile.encoding=UTF-8 
java_command: br.com.alura.forum.ForumApplication
java_class_path (initial): C:\Users\4039764\Documents\wsalura\spring-seguranca\forum\target\classes;C:\Users\4039764\.m2\repository\org\springframework\boot\spring-boot-starter-web\2.1.4.RELEASE\spring-boot-starter-web-2.1.4.RELEASE.jar;C:\Users\4039764\.m2\repository\org\springframework\boot\spring-boot-starter\2.1.4.RELEASE\spring-boot-starter-2.1.4.RELEASE.jar;C:\Users\4039764\.m2\repository\org\springframework\boot\spring-boot-starter-logging\2.1.4.RELEASE\spring-boot-starter-logging-2.1.4.RELEASE.jar;C:\Users\4039764\.m2\repository\ch\qos\logback\logback-classic\1.2.3\logback-classic-1.2.3.jar;C:\Users\4039764\.m2\repository\ch\qos\logback\logback-core\1.2.3\logback-core-1.2.3.jar;C:\Users\4039764\.m2\repository\org\apache\logging\log4j\log4j-to-slf4j\2.11.2\log4j-to-slf4j-2.11.2.jar;C:\Users\4039764\.m2\repository\org\apache\logging\log4j\log4j-api\2.11.2\log4j-api-2.11.2.jar;C:\Users\4039764\.m2\repository\org\slf4j\jul-to-slf4j\1.7.26\jul-to-slf4j-1.7.26.jar;C:\Users\4039764\.m2\repository\javax\annotation\javax.annotation-api\1.3.2\javax.annotation-api-1.3.2.jar;C:\Users\4039764\.m2\repository\org\yaml\snakeyaml\1.23\snakeyaml-1.23.jar;C:\Users\4039764\.m2\repository\org\springframework\boot\spring-boot-starter-json\2.1.4.RELEASE\spring-boot-starter-json-2.1.4.RELEASE.jar;C:\Users\4039764\.m2\repository\com\fasterxml\jackson\core\jackson-databind\2.9.8\jackson-databind-2.9.8.jar;C:\Users\4039764\.m2\repository\com\fasterxml\jackson\core\jackson-annotations\2.9.0\jackson-annotations-2.9.0.jar;C:\Users\4039764\.m2\repository\com\fasterxml\jackson\core\jackson-core\2.9.8\jackson-core-2.9.8.jar;C:\Users\4039764\.m2\repository\com\fasterxml\jackson\datatype\jackson-datatype-jdk8\2.9.8\jackson-datatype-jdk8-2.9.8.jar;C:\Users\4039764\.m2\repository\com\fasterxml\jackson\datatype\jackson-datatype-jsr310\2.9.8\jackson-datatype-jsr310-2.9.8.jar;C:\Users\4039764\.m2\repository\com\fasterxml\jackson\module\jackson-module-parameter-names\2.9.8\jackson-module-paramete
Launcher Type: SUN_STANDARD

[Global flags]
     intx CICompilerCount                          = 3                                         {product} {ergonomic}
     uint ConcGCThreads                            = 1                                         {product} {ergonomic}
     uint G1ConcRefinementThreads                  = 4                                         {product} {ergonomic}
   size_t G1HeapRegionSize                         = 1048576                                   {product} {ergonomic}
    uintx GCDrainStackTargetSize                   = 64                                        {product} {ergonomic}
   size_t InitialHeapSize                          = 132120576                                 {product} {ergonomic}
   size_t MarkStackSize                            = 4194304                                   {product} {ergonomic}
   size_t MaxHeapSize                              = 2101346304                                {product} {ergonomic}
   size_t MaxNewSize                               = 1260388352                                {product} {ergonomic}
   size_t MinHeapDeltaBytes                        = 1048576                                   {product} {ergonomic}
   size_t MinHeapSize                              = 8388608                                   {product} {ergonomic}
    uintx NonNMethodCodeHeapSize                   = 5832780                                {pd product} {ergonomic}
    uintx NonProfiledCodeHeapSize                  = 122912730                              {pd product} {ergonomic}
    uintx ProfiledCodeHeapSize                     = 122912730                              {pd product} {ergonomic}
    uintx ReservedCodeCacheSize                    = 251658240                              {pd product} {ergonomic}
     bool SegmentedCodeCache                       = true                                      {product} {ergonomic}
   size_t SoftMaxHeapSize                          = 2101346304                             {manageable} {ergonomic}
     bool UseCompressedClassPointers               = true                                 {lp64_product} {ergonomic}
     bool UseCompressedOops                        = true                                 {lp64_product} {ergonomic}
     bool UseG1GC                                  = true                                      {product} {ergonomic}
     bool UseLargePagesIndividualAllocation        = false                                  {pd product} {ergonomic}

Logging:
Log output configuration:
 #0: stdout all=warning uptime,level,tags
 #1: stderr all=off uptime,level,tags

Environment Variables:
JAVA_HOME=C:\Program Files\Java\jdk-14.0.2
JRE_HOME=C:\Program Files\Java\jdk-14.0.2
CLASSPATH=;C:\Program Files\Java\jdk-14.0.2\lib;
PATH=C:\Program Files\Java\jdk-14.0.2\bin;C:\Program Files\Common Files\Microsoft Shared\Microsoft Online Services;C:\Program Files (x86)\Common Files\Microsoft Shared\Microsoft Online Services;C:\WINDOWS\system32;C:\WINDOWS;C:\WINDOWS\System32\Wbem;C:\WINDOWS\System32\WindowsPowerShell\v1.0\;C:\WINDOWS\System32\OpenSSH\;C:\Program Files\Docker\Docker\resources\bin;C:\ProgramData\DockerDesktop\version-bin;C:\Program Files (x86)\Common Files\Oracle\Java\javapath;C:\apache-maven-3.8.1\apache-maven\src\bin;C:\Users\4039764\AppData\Local\Programs\Git\cmd;C:\apache-maven-3.8.1\bin
USERNAME=4039764
OS=Windows_NT
PROCESSOR_IDENTIFIER=Intel64 Family 6 Model 58 Stepping 9, GenuineIntel



---------------  S Y S T E M  ---------------

OS: Windows 10 , 64 bit Build 19041 (10.0.19041.1023)
OS uptime: 2 days 4:38 hours
HyperV virtualization detected

CPU:total 4 (initial active 4) (2 cores per cpu, 2 threads per core) family 6 model 58 stepping 9, cmov, cx8, fxsr, mmx, sse, sse2, sse3, ssse3, sse4.1, sse4.2, popcnt, avx, aes, clmul, erms, ht, tsc, tscinvbit, tscinv

Memory: 4k page, system-wide physical 8009M (687M free)
TotalPageFile size 32585M (AvailPageFile size 5M)
current process WorkingSet (physical memory assigned to process): 225M, peak: 265M
current process commit charge ("private bytes"): 255M, peak: 296M

vm_info: OpenJDK 64-Bit Server VM (14.0.2+12) for windows-amd64 JRE (14.0.2+12), built on Jul 15 2020 11:30:16 by "" with MS VC++ 15.9 (VS2017)

END.
